2025-05-21 07:49:11,319 - INFO - Scheduler telah diatur!
2025-05-21 07:49:11,320 - INFO - Memulai job scraping...
2025-05-21 07:49:11,320 - INFO - Scraping halaman 1
2025-05-21 07:49:12,044 - ERROR - Format tanggal tidak valid: Tanggal tidak ditemukan | Error: time data 'Tanggal tidak ditemukan' does not match format '%A, %d %b %Y %H:%M WIB'
2025-05-21 07:49:12,683 - INFO - done[1] > Ichlas dan Viska Segera Jalani Sidang Tu...
2025-05-21 07:49:12,683 - ERROR - Format tanggal tidak valid: Tanggal tidak ditemukan | Error: time data 'Tanggal tidak ditemukan' does not match format '%A, %d %b %Y %H:%M WIB'
2025-05-21 07:49:13,563 - INFO - Data sudah ada: Suami Pelaku KDRT di Bandung Ditetapkan ...
2025-05-21 07:49:13,564 - ERROR - Format tanggal tidak valid: Tanggal tidak ditemukan | Error: time data 'Tanggal tidak ditemukan' does not match format '%A, %d %b %Y %H:%M WIB'
2025-05-21 07:49:14,435 - INFO - done[2] > Istri VC dengan Pria Lain, Suami di Jamb...
2025-05-21 07:49:14,436 - ERROR - Format tanggal tidak valid: Tanggal tidak ditemukan | Error: time data 'Tanggal tidak ditemukan' does not match format '%A, %d %b %Y %H:%M WIB'
2025-05-21 07:49:14,814 - ERROR - Format tanggal tidak valid: Tanggal tidak ditemukan | Error: time data 'Tanggal tidak ditemukan' does not match format '%A, %d %b %Y %H:%M WIB'
2025-05-21 07:49:15,151 - ERROR - Format tanggal tidak valid: Tanggal tidak ditemukan | Error: time data 'Tanggal tidak ditemukan' does not match format '%A, %d %b %Y %H:%M WIB'
2025-05-21 07:49:16,122 - INFO - Data sudah ada: Viral Wanita Cimahi Jadi Korban KDRT Man...
2025-05-21 07:49:16,122 - ERROR - Format tanggal tidak valid: Tanggal tidak ditemukan | Error: time data 'Tanggal tidak ditemukan' does not match format '%A, %d %b %Y %H:%M WIB'
2025-05-21 07:49:17,059 - INFO - Data sudah ada: Babak Baru Kasus Wanita di Bandung Viral...
2025-05-21 07:49:17,060 - ERROR - Format tanggal tidak valid: Tanggal tidak ditemukan | Error: time data 'Tanggal tidak ditemukan' does not match format '%A, %d %b %Y %H:%M WIB'
2025-05-21 07:49:17,723 - ERROR - Format tanggal tidak valid: Tanggal tidak ditemukan | Error: time data 'Tanggal tidak ditemukan' does not match format '%A, %d %b %Y %H:%M WIB'
2025-05-21 07:49:18,575 - INFO - Data sudah ada: Usut Kasus KDRT Wanita Bandung, Polisi P...
2025-05-21 07:49:18,576 - ERROR - Format tanggal tidak valid: Tanggal tidak ditemukan | Error: time data 'Tanggal tidak ditemukan' does not match format '%A, %d %b %Y %H:%M WIB'
2025-05-21 07:49:19,465 - INFO - Data sudah ada: Luka Lebam di Balik Suara Lantang Wanita...
2025-05-21 07:49:19,465 - ERROR - Format tanggal tidak valid: Tanggal tidak ditemukan | Error: time data 'Tanggal tidak ditemukan' does not match format '%A, %d %b %Y %H:%M WIB'
2025-05-21 07:49:20,429 - INFO - Data sudah ada: Viral Wanita di Bandung Jadi Korban KDRT...
2025-05-21 07:49:20,430 - ERROR - Format tanggal tidak valid: Tanggal tidak ditemukan | Error: time data 'Tanggal tidak ditemukan' does not match format '%A, %d %b %Y %H:%M WIB'
2025-05-21 07:49:22,192 - INFO - Scraping halaman 2
2025-05-21 07:49:24,064 - ERROR - Format tanggal tidak valid: Tanggal tidak ditemukan | Error: time data 'Tanggal tidak ditemukan' does not match format '%A, %d %b %Y %H:%M WIB'
2025-05-21 07:49:24,411 - ERROR - Format tanggal tidak valid: Tanggal tidak ditemukan | Error: time data 'Tanggal tidak ditemukan' does not match format '%A, %d %b %Y %H:%M WIB'
2025-05-21 07:49:25,516 - INFO - Data sudah ada: Dokter Spesialis National Hospital Surab...
2025-05-21 07:49:25,516 - ERROR - Format tanggal tidak valid: Tanggal tidak ditemukan | Error: time data 'Tanggal tidak ditemukan' does not match format '%A, %d %b %Y %H:%M WIB'
2025-05-21 08:05:53,378 - INFO - Starting scheduler mode
2025-05-21 08:08:26,621 - INFO - Starting scheduler mode
2025-05-21 08:09:20,973 - INFO - Job 'Daily Scraping (2 AM)' dijadwalkan berjalan berikutnya pada: 2025-05-22 02:00:00
2025-05-21 08:09:20,974 - INFO - Job 'Weekly Scraping (Monday 8 AM)' dijadwalkan berjalan berikutnya pada: 2025-05-26 08:00:00
2025-05-21 08:09:20,974 - INFO - Job '6-Hour Interval Scraping' dijadwalkan berjalan berikutnya pada: 2025-05-21 14:09:20.974364
2025-05-21 08:09:20,974 - INFO - Scheduler telah diatur! Program akan melakukan scraping berdasarkan jadwal.
2025-05-21 08:09:20,974 - INFO - Tekan Ctrl+C untuk menghentikan program.
2025-05-21 08:09:20,975 - INFO - Menjalankan scraping awal...
2025-05-21 08:09:20,975 - INFO - Memulai job scraping...
2025-05-21 08:09:20,975 - INFO - Scraping halaman 1
2025-05-21 08:09:21,763 - WARNING - Format tanggal tidak valid: 'Tanggal tidak ditemukan' - menggunakan tanggal hari ini sebagai fallback
2025-05-21 08:09:22,320 - INFO - done[1] > Ichlas dan Viska Segera Jalani Sidang Tu...
2025-05-21 08:09:22,321 - WARNING - Format tanggal tidak valid: 'Tanggal tidak ditemukan' - menggunakan tanggal hari ini sebagai fallback
2025-05-21 08:09:23,180 - INFO - done[2] > Suami Pelaku KDRT di Bandung Ditetapkan ...
2025-05-21 08:09:23,180 - WARNING - Format tanggal tidak valid: 'Tanggal tidak ditemukan' - menggunakan tanggal hari ini sebagai fallback
2025-05-21 08:09:24,591 - INFO - done[3] > Istri VC dengan Pria Lain, Suami di Jamb...
2025-05-21 08:09:24,592 - WARNING - Format tanggal tidak valid: 'Tanggal tidak ditemukan' - menggunakan tanggal hari ini sebagai fallback
2025-05-21 08:09:25,084 - WARNING - Format tanggal tidak valid: 'Tanggal tidak ditemukan' - menggunakan tanggal hari ini sebagai fallback
2025-05-21 08:09:25,442 - WARNING - Format tanggal tidak valid: 'Tanggal tidak ditemukan' - menggunakan tanggal hari ini sebagai fallback
2025-05-21 08:09:26,459 - INFO - done[4] > Viral Wanita Cimahi Jadi Korban KDRT Man...
2025-05-21 08:09:26,459 - WARNING - Format tanggal tidak valid: 'Tanggal tidak ditemukan' - menggunakan tanggal hari ini sebagai fallback
2025-05-21 08:19:55,961 - INFO - Job 'Daily Scraping (2 AM)' dijadwalkan berjalan berikutnya pada: 2025-05-22 02:00:00
2025-05-21 08:19:55,964 - INFO - Job 'Weekly Scraping (Monday 8 AM)' dijadwalkan berjalan berikutnya pada: 2025-05-26 08:00:00
2025-05-21 08:19:55,964 - INFO - Job '6-Hour Interval Scraping' dijadwalkan berjalan berikutnya pada: 2025-05-21 14:19:55.964298
2025-05-21 08:19:55,964 - INFO - Scheduler telah diatur! Program akan melakukan scraping berdasarkan jadwal.
2025-05-21 08:19:55,964 - INFO - Tekan Ctrl+C untuk menghentikan program.
2025-05-21 08:19:55,965 - INFO - Menjalankan scraping awal...
2025-05-21 08:19:55,965 - INFO - Memulai job scraping...
2025-05-21 08:19:55,965 - INFO - Scraping halaman 1
2025-05-21 08:19:56,735 - WARNING - Tidak menemukan elemen tanggal
2025-05-21 08:19:57,810 - INFO - Data tersimpan [1] > Ichlas dan Viska Segera Jalani Sidang Tu...
2025-05-21 08:19:57,811 - WARNING - Tidak menemukan elemen tanggal
2025-05-21 08:19:58,577 - INFO - Data tersimpan [2] > Suami Pelaku KDRT di Bandung Ditetapkan ...
2025-05-21 08:19:58,577 - WARNING - Tidak menemukan elemen tanggal
2025-05-21 08:19:59,655 - INFO - Data tersimpan [3] > Istri VC dengan Pria Lain, Suami di Jamb...
2025-05-21 08:19:59,655 - WARNING - Tidak menemukan elemen tanggal
2025-05-21 08:20:00,234 - INFO - Data tersimpan [4] > Video Ibu di Gresik Kerap Alami KDRT Seb...
2025-05-21 08:20:00,234 - WARNING - Tidak menemukan elemen tanggal
2025-05-21 08:20:00,561 - INFO - Data tersimpan [5] > Video: Ratu Meta Laporkan Suami atas Dug...
2025-05-21 08:20:00,563 - WARNING - Tidak menemukan elemen tanggal
2025-05-21 08:20:01,462 - INFO - Data tersimpan [6] > Viral Wanita Cimahi Jadi Korban KDRT Man...
2025-05-21 08:20:01,462 - WARNING - Tidak menemukan elemen tanggal
2025-05-21 08:20:02,508 - INFO - Data tersimpan [7] > Babak Baru Kasus Wanita di Bandung Viral...
2025-05-21 08:20:02,508 - WARNING - Tidak menemukan elemen tanggal
2025-05-21 08:20:03,922 - INFO - Data tersimpan [8] > Cut Intan Nabila Datangi Pengadilan, Sia...
2025-05-21 08:20:03,923 - WARNING - Tidak menemukan elemen tanggal
2025-05-21 08:25:31,498 - INFO - Job 'Daily Scraping (2 AM)' dijadwalkan berjalan berikutnya pada: 2025-05-22 02:00:00
2025-05-21 08:25:31,498 - INFO - Job 'Weekly Scraping (Monday 8 AM)' dijadwalkan berjalan berikutnya pada: 2025-05-26 08:00:00
2025-05-21 08:25:31,499 - INFO - Job '6-Hour Interval Scraping' dijadwalkan berjalan berikutnya pada: 2025-05-21 14:25:31.499651
2025-05-21 08:25:31,500 - INFO - Scheduler telah diatur! Program akan melakukan scraping berdasarkan jadwal.
2025-05-21 08:25:31,500 - INFO - Tekan Ctrl+C untuk menghentikan program.
2025-05-21 08:25:31,500 - INFO - Menjalankan scraping awal...
2025-05-21 08:25:31,501 - INFO - Memulai job scraping...
2025-05-21 08:25:31,502 - INFO - Scraping halaman 1
2025-05-21 08:25:32,548 - ERROR - Error memproses artikel: 'NoneType' object is not subscriptable
2025-05-21 08:25:32,549 - ERROR - Error memproses artikel: 'NoneType' object is not subscriptable
2025-05-21 08:25:32,549 - ERROR - Error memproses artikel: 'NoneType' object is not subscriptable
2025-05-21 08:25:32,549 - ERROR - Error memproses artikel: 'NoneType' object is not subscriptable
2025-05-21 08:25:32,549 - ERROR - Error memproses artikel: 'NoneType' object is not subscriptable
2025-05-21 08:25:32,549 - ERROR - Error memproses artikel: 'NoneType' object is not subscriptable
2025-05-21 08:25:32,549 - ERROR - Error memproses artikel: 'NoneType' object is not subscriptable
2025-05-21 08:25:32,549 - ERROR - Error memproses artikel: 'NoneType' object is not subscriptable
2025-05-21 08:25:32,549 - ERROR - Error memproses artikel: 'NoneType' object is not subscriptable
2025-05-21 08:25:32,551 - ERROR - Error memproses artikel: 'NoneType' object is not subscriptable
2025-05-21 08:25:32,551 - ERROR - Error memproses artikel: 'NoneType' object is not subscriptable
2025-05-21 08:25:32,551 - ERROR - Error memproses artikel: 'NoneType' object is not subscriptable
2025-05-21 08:25:34,052 - INFO - Scraping halaman 2
2025-05-21 08:25:34,768 - ERROR - Error memproses artikel: 'NoneType' object is not subscriptable
2025-05-21 08:25:34,769 - ERROR - Error memproses artikel: 'NoneType' object is not subscriptable
2025-05-21 08:25:34,770 - ERROR - Error memproses artikel: 'NoneType' object is not subscriptable
2025-05-21 08:25:34,771 - ERROR - Error memproses artikel: 'NoneType' object is not subscriptable
2025-05-21 08:25:34,771 - ERROR - Error memproses artikel: 'NoneType' object is not subscriptable
2025-05-21 08:25:34,772 - ERROR - Error memproses artikel: 'NoneType' object is not subscriptable
2025-05-21 08:25:34,772 - ERROR - Error memproses artikel: 'NoneType' object is not subscriptable
2025-05-21 08:25:34,773 - ERROR - Error memproses artikel: 'NoneType' object is not subscriptable
2025-05-21 08:25:34,773 - ERROR - Error memproses artikel: 'NoneType' object is not subscriptable
2025-05-21 08:25:34,773 - ERROR - Error memproses artikel: 'NoneType' object is not subscriptable
2025-05-21 08:25:34,774 - ERROR - Error memproses artikel: 'NoneType' object is not subscriptable
2025-05-21 08:25:34,777 - ERROR - Error memproses artikel: 'NoneType' object is not subscriptable
2025-05-21 08:25:36,278 - INFO - Scraping halaman 3
2025-05-21 08:25:37,214 - ERROR - Error memproses artikel: 'NoneType' object is not subscriptable
2025-05-21 08:25:37,214 - ERROR - Error memproses artikel: 'NoneType' object is not subscriptable
2025-05-21 08:25:37,214 - ERROR - Error memproses artikel: 'NoneType' object is not subscriptable
2025-05-21 08:25:37,214 - ERROR - Error memproses artikel: 'NoneType' object is not subscriptable
2025-05-21 08:25:37,215 - ERROR - Error memproses artikel: 'NoneType' object is not subscriptable
2025-05-21 08:25:37,215 - ERROR - Error memproses artikel: 'NoneType' object is not subscriptable
2025-05-21 08:25:37,215 - ERROR - Error memproses artikel: 'NoneType' object is not subscriptable
2025-05-21 08:25:37,215 - ERROR - Error memproses artikel: 'NoneType' object is not subscriptable
2025-05-21 08:25:37,216 - ERROR - Error memproses artikel: 'NoneType' object is not subscriptable
2025-05-21 08:25:37,216 - ERROR - Error memproses artikel: 'NoneType' object is not subscriptable
2025-05-21 08:25:37,216 - ERROR - Error memproses artikel: 'NoneType' object is not subscriptable
2025-05-21 08:25:37,216 - ERROR - Error memproses artikel: 'NoneType' object is not subscriptable
2025-05-21 08:25:38,717 - INFO - Scraping halaman 4
2025-05-21 08:25:39,449 - ERROR - Error memproses artikel: 'NoneType' object is not subscriptable
2025-05-21 08:25:39,449 - ERROR - Error memproses artikel: 'NoneType' object is not subscriptable
2025-05-21 08:25:39,450 - ERROR - Error memproses artikel: 'NoneType' object is not subscriptable
2025-05-21 08:25:39,450 - ERROR - Error memproses artikel: 'NoneType' object is not subscriptable
2025-05-21 08:25:39,451 - ERROR - Error memproses artikel: 'NoneType' object is not subscriptable
2025-05-21 08:25:39,451 - ERROR - Error memproses artikel: 'NoneType' object is not subscriptable
2025-05-21 08:25:39,451 - ERROR - Error memproses artikel: 'NoneType' object is not subscriptable
2025-05-21 08:25:39,451 - ERROR - Error memproses artikel: 'NoneType' object is not subscriptable
2025-05-21 08:25:39,452 - ERROR - Error memproses artikel: 'NoneType' object is not subscriptable
2025-05-21 08:25:39,452 - ERROR - Error memproses artikel: 'NoneType' object is not subscriptable
2025-05-21 08:25:39,453 - ERROR - Error memproses artikel: 'NoneType' object is not subscriptable
2025-05-21 08:25:39,453 - ERROR - Error memproses artikel: 'NoneType' object is not subscriptable
2025-05-21 08:25:40,954 - INFO - Scraping halaman 5
2025-05-21 08:25:41,661 - ERROR - Error memproses artikel: 'NoneType' object is not subscriptable
2025-05-21 08:25:41,662 - ERROR - Error memproses artikel: 'NoneType' object is not subscriptable
2025-05-21 08:25:41,663 - ERROR - Error memproses artikel: 'NoneType' object is not subscriptable
2025-05-21 08:25:41,663 - ERROR - Error memproses artikel: 'NoneType' object is not subscriptable
2025-05-21 08:25:41,664 - ERROR - Error memproses artikel: 'NoneType' object is not subscriptable
2025-05-21 08:25:41,665 - ERROR - Error memproses artikel: 'NoneType' object is not subscriptable
2025-05-21 08:25:41,665 - ERROR - Error memproses artikel: 'NoneType' object is not subscriptable
2025-05-21 08:25:41,666 - ERROR - Error memproses artikel: 'NoneType' object is not subscriptable
2025-05-21 08:25:41,666 - ERROR - Error memproses artikel: 'NoneType' object is not subscriptable
2025-05-21 08:25:41,667 - ERROR - Error memproses artikel: 'NoneType' object is not subscriptable
2025-05-21 08:25:41,667 - ERROR - Error memproses artikel: 'NoneType' object is not subscriptable
2025-05-21 08:25:41,668 - ERROR - Error memproses artikel: 'NoneType' object is not subscriptable
2025-05-21 08:25:43,170 - INFO - Scraping halaman 6
2025-05-21 08:25:43,981 - ERROR - Error memproses artikel: 'NoneType' object is not subscriptable
2025-05-21 08:25:43,982 - ERROR - Error memproses artikel: 'NoneType' object is not subscriptable
2025-05-21 08:25:43,982 - ERROR - Error memproses artikel: 'NoneType' object is not subscriptable
2025-05-21 08:25:43,982 - ERROR - Error memproses artikel: 'NoneType' object is not subscriptable
2025-05-21 08:25:43,982 - ERROR - Error memproses artikel: 'NoneType' object is not subscriptable
2025-05-21 08:25:43,983 - ERROR - Error memproses artikel: 'NoneType' object is not subscriptable
2025-05-21 08:25:43,983 - ERROR - Error memproses artikel: 'NoneType' object is not subscriptable
2025-05-21 08:25:43,998 - WARNING - Format tanggal tidak dikenali: 'Rabu, 14 Agu 2024 11:15 '
2025-05-21 08:25:45,025 - INFO - Data disimpan: 8 Foto Cut Intan Nabila Eks Atlet Anggar, Viral Bo...
2025-05-21 08:25:45,026 - ERROR - Error memproses artikel: 'NoneType' object is not subscriptable
2025-05-21 08:25:45,027 - ERROR - Error memproses artikel: 'NoneType' object is not subscriptable
2025-05-21 08:25:45,027 - ERROR - Error memproses artikel: 'NoneType' object is not subscriptable
2025-05-21 08:25:45,028 - ERROR - Error memproses artikel: 'NoneType' object is not subscriptable
2025-05-21 08:25:46,530 - INFO - Scraping halaman 7
2025-05-21 08:25:47,268 - ERROR - Error memproses artikel: 'NoneType' object is not subscriptable
2025-05-21 08:25:47,269 - ERROR - Error memproses artikel: 'NoneType' object is not subscriptable
2025-05-21 08:25:47,269 - ERROR - Error memproses artikel: 'NoneType' object is not subscriptable
2025-05-21 08:25:47,270 - ERROR - Error memproses artikel: 'NoneType' object is not subscriptable
2025-05-21 08:25:47,270 - ERROR - Error memproses artikel: 'NoneType' object is not subscriptable
2025-05-21 08:25:47,270 - ERROR - Error memproses artikel: 'NoneType' object is not subscriptable
2025-05-21 08:25:47,270 - ERROR - Error memproses artikel: 'NoneType' object is not subscriptable
2025-05-21 08:25:47,270 - ERROR - Error memproses artikel: 'NoneType' object is not subscriptable
2025-05-21 08:25:47,271 - ERROR - Error memproses artikel: 'NoneType' object is not subscriptable
2025-05-21 08:25:47,271 - ERROR - Error memproses artikel: 'NoneType' object is not subscriptable
2025-05-21 08:25:47,271 - ERROR - Error memproses artikel: 'NoneType' object is not subscriptable
2025-05-21 08:25:47,271 - ERROR - Error memproses artikel: 'NoneType' object is not subscriptable
2025-05-21 08:25:48,773 - INFO - Scraping halaman 8
2025-05-21 08:25:49,505 - ERROR - Error memproses artikel: 'NoneType' object is not subscriptable
2025-05-21 08:25:49,505 - ERROR - Error memproses artikel: 'NoneType' object is not subscriptable
2025-05-21 08:25:49,506 - ERROR - Error memproses artikel: 'NoneType' object is not subscriptable
2025-05-21 08:25:49,506 - ERROR - Error memproses artikel: 'NoneType' object is not subscriptable
2025-05-21 08:25:49,507 - ERROR - Error memproses artikel: 'NoneType' object is not subscriptable
2025-05-21 08:25:49,507 - ERROR - Error memproses artikel: 'NoneType' object is not subscriptable
2025-05-21 08:25:49,508 - ERROR - Error memproses artikel: 'NoneType' object is not subscriptable
2025-05-21 08:25:49,508 - ERROR - Error memproses artikel: 'NoneType' object is not subscriptable
2025-05-21 08:25:49,509 - ERROR - Error memproses artikel: 'NoneType' object is not subscriptable
2025-05-21 08:25:49,510 - ERROR - Error memproses artikel: 'NoneType' object is not subscriptable
2025-05-21 08:25:49,510 - ERROR - Error memproses artikel: 'NoneType' object is not subscriptable
2025-05-21 08:25:49,511 - ERROR - Error memproses artikel: 'NoneType' object is not subscriptable
2025-05-21 08:25:51,012 - INFO - Scraping halaman 9
2025-05-21 08:25:51,785 - ERROR - Error memproses artikel: 'NoneType' object is not subscriptable
2025-05-21 08:25:51,786 - ERROR - Error memproses artikel: 'NoneType' object is not subscriptable
2025-05-21 08:25:51,786 - ERROR - Error memproses artikel: 'NoneType' object is not subscriptable
2025-05-21 08:25:51,787 - ERROR - Error memproses artikel: 'NoneType' object is not subscriptable
2025-05-21 08:25:51,788 - ERROR - Error memproses artikel: 'NoneType' object is not subscriptable
2025-05-21 08:25:51,789 - ERROR - Error memproses artikel: 'NoneType' object is not subscriptable
2025-05-21 08:25:51,790 - ERROR - Error memproses artikel: 'NoneType' object is not subscriptable
2025-05-21 08:25:51,791 - ERROR - Error memproses artikel: 'NoneType' object is not subscriptable
2025-05-21 08:25:51,792 - ERROR - Error memproses artikel: 'NoneType' object is not subscriptable
2025-05-21 08:25:51,792 - ERROR - Error memproses artikel: 'NoneType' object is not subscriptable
2025-05-21 08:25:51,793 - ERROR - Error memproses artikel: 'NoneType' object is not subscriptable
2025-05-21 08:25:51,794 - ERROR - Error memproses artikel: 'NoneType' object is not subscriptable
2025-05-21 08:25:53,295 - INFO - Scraping halaman 10
2025-05-21 08:25:54,035 - ERROR - Error memproses artikel: 'NoneType' object is not subscriptable
2025-05-21 08:25:54,037 - ERROR - Error memproses artikel: 'NoneType' object is not subscriptable
2025-05-21 08:25:54,037 - ERROR - Error memproses artikel: 'NoneType' object is not subscriptable
2025-05-21 08:25:54,038 - ERROR - Error memproses artikel: 'NoneType' object is not subscriptable
2025-05-21 08:25:54,040 - ERROR - Error memproses artikel: 'NoneType' object is not subscriptable
2025-05-21 08:25:54,041 - ERROR - Error memproses artikel: 'NoneType' object is not subscriptable
2025-05-21 08:25:54,043 - ERROR - Error memproses artikel: 'NoneType' object is not subscriptable
2025-05-21 08:25:54,045 - ERROR - Error memproses artikel: 'NoneType' object is not subscriptable
2025-05-21 08:25:54,046 - ERROR - Error memproses artikel: 'NoneType' object is not subscriptable
2025-05-21 08:25:54,056 - ERROR - Error memproses artikel: 'NoneType' object is not subscriptable
2025-05-21 08:25:54,059 - ERROR - Error memproses artikel: 'NoneType' object is not subscriptable
2025-05-21 08:25:54,061 - ERROR - Error memproses artikel: 'NoneType' object is not subscriptable
2025-05-21 08:25:55,571 - INFO - Job scraping selesai!
2025-05-21 08:26:08,397 - INFO - Program dihentikan oleh pengguna. Selesai.
2025-05-21 08:27:18,625 - INFO - Job 'Daily Scraping (2 AM)' dijadwalkan berjalan berikutnya pada: 2025-05-22 02:00:00
2025-05-21 08:27:18,625 - INFO - Job 'Weekly Scraping (Monday 8 AM)' dijadwalkan berjalan berikutnya pada: 2025-05-26 08:00:00
2025-05-21 08:27:18,626 - INFO - Job '6-Hour Interval Scraping' dijadwalkan berjalan berikutnya pada: 2025-05-21 14:27:18.626012
2025-05-21 08:27:18,626 - INFO - Scheduler telah diatur! Program akan melakukan scraping berdasarkan jadwal.
2025-05-21 08:27:18,626 - INFO - Tekan Ctrl+C untuk menghentikan program.
2025-05-21 08:27:18,626 - INFO - Menjalankan scraping awal...
2025-05-21 08:27:18,627 - INFO - Memulai job scraping...
2025-05-21 08:27:18,627 - INFO - Scraping halaman 1
2025-05-21 08:27:19,286 - WARNING - Tidak menemukan elemen tanggal
2025-05-21 08:27:20,164 - INFO - Data tersimpan [1] > Ichlas dan Viska Segera Jalani Sidang Tu...
2025-05-21 08:27:20,166 - WARNING - Tidak menemukan elemen tanggal
2025-05-21 08:27:21,207 - INFO - Data tersimpan [2] > Suami Pelaku KDRT di Bandung Ditetapkan ...
2025-05-21 08:27:21,208 - WARNING - Tidak menemukan elemen tanggal
2025-05-21 08:27:22,184 - INFO - Data tersimpan [3] > Istri VC dengan Pria Lain, Suami di Jamb...
2025-05-21 08:27:22,185 - WARNING - Tidak menemukan elemen tanggal
2025-05-21 08:27:22,552 - INFO - Data tersimpan [4] > Video Ibu di Gresik Kerap Alami KDRT Seb...
2025-05-21 08:27:22,552 - WARNING - Tidak menemukan elemen tanggal
2025-05-21 08:27:22,946 - INFO - Data tersimpan [5] > Video: Ratu Meta Laporkan Suami atas Dug...
2025-05-21 08:27:22,946 - WARNING - Tidak menemukan elemen tanggal
2025-05-21 08:27:23,811 - INFO - Data tersimpan [6] > Viral Wanita Cimahi Jadi Korban KDRT Man...
2025-05-21 08:27:23,812 - WARNING - Tidak menemukan elemen tanggal
2025-05-21 08:27:24,938 - INFO - Data tersimpan [7] > Babak Baru Kasus Wanita di Bandung Viral...
2025-05-21 08:27:24,938 - WARNING - Tidak menemukan elemen tanggal
2025-05-21 08:27:25,594 - INFO - Data tersimpan [8] > Cut Intan Nabila Datangi Pengadilan, Sia...
2025-05-21 08:27:25,594 - WARNING - Tidak menemukan elemen tanggal
2025-05-21 08:27:26,427 - INFO - Data tersimpan [9] > Usut Kasus KDRT Wanita Bandung, Polisi P...
2025-05-21 08:27:26,428 - WARNING - Tidak menemukan elemen tanggal
2025-05-21 08:27:27,459 - INFO - Data tersimpan [10] > Luka Lebam di Balik Suara Lantang Wanita...
2025-05-21 08:27:27,459 - WARNING - Tidak menemukan elemen tanggal
2025-05-21 08:27:28,538 - INFO - Data tersimpan [11] > Viral Wanita di Bandung Jadi Korban KDRT...
2025-05-21 08:27:28,538 - WARNING - Tidak menemukan elemen tanggal
2025-05-21 08:27:29,346 - INFO - Data tersimpan [12] > Isi Rekaman CCTV Dugaan KDRT Baim Wong k...
2025-05-21 08:27:30,348 - INFO - Scraping halaman 2
2025-05-21 08:27:30,990 - WARNING - Tidak menemukan elemen tanggal
2025-05-21 08:27:31,352 - INFO - Data tersimpan [13] > Video: Pengakuan Istri Eks Pengacara Ina...
2025-05-21 08:27:31,352 - WARNING - Tidak menemukan elemen tanggal
2025-05-21 08:27:32,426 - INFO - Data tersimpan [14] > Dokter Spesialis National Hospital Surab...
2025-05-21 08:27:32,427 - WARNING - Tidak menemukan elemen tanggal
2025-05-21 08:27:33,258 - INFO - Data tersimpan [15] > Film Samawa Bakal Kupas Isu KDRT dari Su...
2025-05-21 08:27:33,259 - WARNING - Tidak menemukan elemen tanggal
2025-05-21 08:27:33,634 - INFO - Data tersimpan [16] > Video: Heboh Wanita di Bandung Jadi Korb...
2025-05-21 08:27:33,635 - WARNING - Tidak menemukan elemen tanggal
2025-05-21 08:27:34,650 - INFO - Data tersimpan [17] > Viral Wanita Bandung Jadi Korban KDRT, P...
2025-05-21 08:27:34,650 - WARNING - Tidak menemukan elemen tanggal
2025-05-21 08:27:35,736 - INFO - Data tersimpan [18] > Hukuman Armor Toreador di Kasus KDRT 'Di...
2025-05-21 08:27:35,737 - WARNING - Tidak menemukan elemen tanggal
2025-05-21 08:27:36,808 - INFO - Data tersimpan [19] > Suami Korban KDRT Istri Ternyata ASN Ban...
2025-05-21 08:27:36,809 - WARNING - Tidak menemukan elemen tanggal
2025-05-21 08:27:37,496 - INFO - Data tersimpan [20] > Senyum Cut Intan Hadiri Sidang Perdana K...
2025-05-21 08:27:37,497 - WARNING - Tidak menemukan elemen tanggal
2025-05-21 08:27:38,386 - INFO - Data tersimpan [21] > Klarifikasi Altaf Vicko soal Tudingan KD...
2025-05-21 08:27:38,387 - WARNING - Tidak menemukan elemen tanggal
2025-05-21 08:27:39,182 - INFO - Data tersimpan [22] > Sidang Lanjutan KDRT Armor Toreador Dige...
2025-05-21 08:27:39,182 - WARNING - Tidak menemukan elemen tanggal
2025-05-21 08:27:39,419 - INFO - Artikel sudah ada: Video: Heboh Wanita di Bandung Jadi Korb...
2025-05-21 08:27:39,419 - WARNING - Tidak menemukan elemen tanggal
2025-05-21 08:27:39,754 - INFO - Data tersimpan [23] > Video: Suami Ratu Meta Terancam 5 Tahun ...
2025-05-21 08:27:40,754 - INFO - Scraping halaman 3
2025-05-21 08:27:41,160 - WARNING - Tidak menemukan elemen tanggal
2025-05-21 08:27:42,012 - INFO - Data tersimpan [24] > Wanita di Gresik Jadi Korban KDRT Usai B...
2025-05-21 08:27:42,013 - WARNING - Tidak menemukan elemen tanggal
2025-05-21 08:27:43,094 - INFO - Data tersimpan [25] > Senyum Armor Toreador Jelang Divonis di ...
2025-05-21 08:27:43,095 - WARNING - Tidak menemukan elemen tanggal
2025-05-21 08:27:43,800 - INFO - Data tersimpan [26] > Ini Sanksi untuk Kades dan Sekdes yang S...
2025-05-21 08:27:43,800 - WARNING - Tidak menemukan elemen tanggal
2025-05-21 08:27:44,183 - INFO - Data tersimpan [27] > Video: Awal Mula Suami Ratu Meta Berperi...
2025-05-21 08:27:44,184 - WARNING - Tidak menemukan elemen tanggal
2025-05-21 08:27:45,058 - INFO - Data tersimpan [28] > Cawagub Papua Dipolisikan Istrinya Terka...
2025-05-21 08:27:45,059 - WARNING - Tidak menemukan elemen tanggal
2025-05-21 08:27:46,068 - INFO - Data tersimpan [29] > Jadi Korban KDRT-Intimidasi, Bhayangkari...
2025-05-21 08:27:46,069 - WARNING - Tidak menemukan elemen tanggal
2025-05-21 08:27:46,398 - INFO - Data tersimpan [30] > Video: Istri Eks Pengacara Inara Rusli B...
2025-05-21 08:27:46,398 - WARNING - Tidak menemukan elemen tanggal
2025-05-21 08:27:47,180 - INFO - Data tersimpan [31] > Tangan Diborgol, Armor Toreador Hadiri S...
2025-05-21 08:27:47,181 - WARNING - Tidak menemukan elemen tanggal
2025-05-21 08:27:48,150 - INFO - Data tersimpan [32] > Menanti Titik Terang Kasus KDRT di Bandu...
2025-05-21 08:27:48,150 - WARNING - Tidak menemukan elemen tanggal
2025-05-21 08:27:48,491 - INFO - Data tersimpan [33] > Video: Armor Toreador Dituntut 6 Tahun P...
2025-05-21 08:27:48,493 - WARNING - Tidak menemukan elemen tanggal
2025-05-21 08:27:49,419 - INFO - Data tersimpan [34] > Polres Brebes Usut Kasus KDRT Wanita Dia...
2025-05-21 08:27:49,419 - WARNING - Tidak menemukan elemen tanggal
2025-05-21 08:27:50,497 - INFO - Data tersimpan [35] > Cara Lapor Kasus KDRT Lewat Aplikasi Sat...
2025-05-21 08:27:51,497 - INFO - Scraping halaman 4
2025-05-21 08:27:51,929 - WARNING - Tidak menemukan elemen tanggal
2025-05-21 08:27:52,849 - INFO - Data tersimpan [36] > Samawa Bawa Isu KDRT yang Jadi Momok dal...
2025-05-21 08:27:52,849 - WARNING - Tidak menemukan elemen tanggal
2025-05-21 08:27:53,821 - INFO - Data tersimpan [37] > Sosok Agus Pembunuh Istri di Bantul Dike...
2025-05-21 08:27:53,821 - WARNING - Tidak menemukan elemen tanggal
2025-05-21 08:27:54,792 - INFO - Data tersimpan [38] > Cerai dan Kasus KDRT Selesai, Cut Intan ...
2025-05-21 08:27:54,793 - WARNING - Tidak menemukan elemen tanggal
2025-05-21 08:27:55,149 - INFO - Artikel sudah ada: Video: Suami Ratu Meta Terancam 5 Tahun ...
2025-05-21 08:27:55,150 - WARNING - Tidak menemukan elemen tanggal
2025-05-21 08:27:56,075 - INFO - Data tersimpan [39] > Oknum Kades di Mamuju Dipolisikan Istri ...
2025-05-21 08:27:56,076 - WARNING - Tidak menemukan elemen tanggal
2025-05-21 08:27:57,090 - INFO - Data tersimpan [40] > Istri Pria yang Selingkuh dengan Selebgr...
2025-05-21 08:27:57,091 - WARNING - Tidak menemukan elemen tanggal
2025-05-21 08:27:57,733 - INFO - Data tersimpan [41] > Video: Istri Eks Pengacara Inara Rusli S...
2025-05-21 08:27:57,734 - WARNING - Tidak menemukan elemen tanggal
2025-05-21 08:27:58,582 - INFO - Data tersimpan [42] > 10 Potret Cantik Cut Intan Nabila Selebg...
2025-05-21 08:27:58,584 - WARNING - Tidak menemukan elemen tanggal
2025-05-21 08:27:59,669 - INFO - Data tersimpan [43] > Quick Respons Kapolda Banten, Kirim Tim ...
2025-05-21 08:27:59,670 - WARNING - Tidak menemukan elemen tanggal
2025-05-21 08:28:00,526 - INFO - Data tersimpan [44] > Alami KDRT, Istri di Gresik Tewas Diduga...
2025-05-21 08:28:00,528 - WARNING - Tidak menemukan elemen tanggal
2025-05-21 08:28:01,676 - INFO - Data tersimpan [45] > Minhwan FTISLAND Dibebaskan dari Tuduhan...
2025-05-21 08:28:01,678 - WARNING - Tidak menemukan elemen tanggal
2025-05-21 08:28:02,052 - INFO - Data tersimpan [46] > Video: Sering Main Horor, Badriyah Afiff...
2025-05-21 08:28:03,054 - INFO - Scraping halaman 5
2025-05-21 08:28:03,612 - WARNING - Tidak menemukan elemen tanggal
2025-05-21 08:28:04,683 - INFO - Data tersimpan [47] > Anak Angkat Sering Lakukan KDRT, Apa yan...
2025-05-21 08:28:04,684 - WARNING - Tidak menemukan elemen tanggal
2025-05-21 08:28:05,723 - INFO - Data tersimpan [48] > Pihak Shahnaz Anindya Beberkan Perilaku ...
2025-05-21 08:28:05,724 - WARNING - Tidak menemukan elemen tanggal
2025-05-21 08:28:06,823 - INFO - Data tersimpan [49] > Heboh Wanita di Soppeng Diduga Korban KD...
2025-05-21 08:28:06,825 - WARNING - Tidak menemukan elemen tanggal
2025-05-21 08:28:07,158 - INFO - Artikel sudah ada: Video: Ratu Meta Laporkan Suami atas Dug...
2025-05-21 08:28:07,159 - WARNING - Tidak menemukan elemen tanggal
2025-05-21 08:28:08,260 - INFO - Data tersimpan [50] > Selain KDRT, IRT Gusti Dilaporkan Kasus ...
2025-05-21 08:28:08,263 - WARNING - Tidak menemukan elemen tanggal
2025-05-21 08:28:09,590 - INFO - Data tersimpan [51] > Kronologi Dugaan KDRT Anggota DPRD Babel...
2025-05-21 08:28:09,593 - WARNING - Tidak menemukan elemen tanggal
2025-05-21 08:28:10,864 - INFO - Data tersimpan [52] > Vonis Armor Toreador Disunat Jadi 3 Tahu...
2025-05-21 08:28:10,865 - WARNING - Tidak menemukan elemen tanggal
2025-05-21 08:28:11,596 - INFO - Data tersimpan [53] > Ini Tampang Armor Tersangka KDRT kepada ...
2025-05-21 08:28:11,597 - WARNING - Tidak menemukan elemen tanggal
2025-05-21 08:28:12,656 - INFO - Data tersimpan [54] > Vonis Armor Toreador Kasus KDRT Disunat ...
2025-05-21 08:28:12,657 - WARNING - Tidak menemukan elemen tanggal
2025-05-21 08:28:13,717 - INFO - Data tersimpan [55] > Pelaku KDRT Istri di Makassar Mendadak K...
2025-05-21 08:28:13,718 - WARNING - Tidak menemukan elemen tanggal
2025-05-21 08:28:14,651 - INFO - Data tersimpan [56] > Polisi Selidiki Skandal Perselingkuhan K...
2025-05-21 08:28:14,652 - WARNING - Tidak menemukan elemen tanggal
2025-05-21 08:28:15,167 - INFO - Data tersimpan [57] > Cawagub Papua YB Diduga KDRT Istri gegar...
2025-05-21 08:28:16,168 - INFO - Scraping halaman 6
2025-05-21 08:28:16,647 - WARNING - Tidak menemukan elemen tanggal
2025-05-21 08:28:17,553 - INFO - Data tersimpan [58] > Sidang Vonis Armor Toreador di Kasus KDR...
2025-05-21 08:28:17,554 - WARNING - Tidak menemukan elemen tanggal
2025-05-21 08:28:18,458 - INFO - Data tersimpan [59] > Suami Pelaku KDRT Gresik dan Selebgram D...
2025-05-21 08:28:18,461 - WARNING - Tidak menemukan elemen tanggal
2025-05-21 08:28:19,184 - INFO - Data tersimpan [60] > Video KDRT Armor Diputar Ulang di Persid...
2025-05-21 08:28:19,186 - WARNING - Tidak menemukan elemen tanggal
2025-05-21 08:28:19,524 - INFO - Artikel sudah ada: Video: Pengakuan Istri Eks Pengacara Ina...
2025-05-21 08:28:19,528 - WARNING - Tidak menemukan elemen tanggal
2025-05-21 08:28:20,437 - INFO - Data tersimpan [61] > Armor Toreador Usai Divonis 4,5 Tahun Bu...
2025-05-21 08:28:20,437 - WARNING - Tidak menemukan elemen tanggal
2025-05-21 08:28:21,374 - INFO - Data tersimpan [62] > Armor Toreador Mau Bawa Pesan Sebagai Ay...
2025-05-21 08:28:21,375 - WARNING - Tidak menemukan elemen tanggal
2025-05-21 08:28:22,318 - INFO - Data tersimpan [63] > Suami Cut Intan Nabila Menyesal KDRT, Pa...
2025-05-21 08:28:22,319 - WARNING - Tidak menemukan elemen tanggal
2025-05-21 08:28:23,201 - INFO - Data tersimpan [64] > 8 Foto Cut Intan Nabila Eks Atlet Anggar...
2025-05-21 08:28:23,202 - WARNING - Tidak menemukan elemen tanggal
2025-05-21 08:28:23,951 - INFO - Data tersimpan [65] > Minhwan FTISLAND KDRT, Yulhee Tak Usaha ...
2025-05-21 08:28:23,952 - WARNING - Tidak menemukan elemen tanggal
2025-05-21 08:28:24,289 - INFO - Data tersimpan [66] > Video: Rizal Djibran Sebut Laporan Manta...
2025-05-21 08:28:24,290 - WARNING - Tidak menemukan elemen tanggal
2025-05-21 08:28:25,217 - INFO - Data tersimpan [67] > Pria KDRT ke Istri di Makassar Mendadak ...
2025-05-21 08:28:25,218 - WARNING - Tidak menemukan elemen tanggal
2025-05-21 08:28:26,335 - INFO - Data tersimpan [68] > Rangga Positif Narkoba Saat Tusuk Istri ...
2025-05-21 08:28:27,336 - INFO - Scraping halaman 7
2025-05-21 08:28:27,736 - WARNING - Tidak menemukan elemen tanggal
2025-05-21 08:28:28,575 - INFO - Data tersimpan [69] > Sidang KDRT Armor Toreador terhadap Cut ...
2025-05-21 08:28:28,576 - WARNING - Tidak menemukan elemen tanggal
2025-05-21 08:28:29,362 - INFO - Data tersimpan [70] > Cawagub Papua YB Jadi Tersangka Kasus KD...
2025-05-21 08:28:29,363 - WARNING - Tidak menemukan elemen tanggal
2025-05-21 08:28:30,164 - INFO - Data tersimpan [71] > Video KDRT Armor Diputar di Persidangan,...
2025-05-21 08:28:30,164 - WARNING - Tidak menemukan elemen tanggal
2025-05-21 08:28:30,363 - INFO - Artikel sudah ada: Video: Istri Eks Pengacara Inara Rusli S...
2025-05-21 08:28:30,363 - WARNING - Tidak menemukan elemen tanggal
2025-05-21 08:28:31,649 - INFO - Data tersimpan [72] > Momen Pelaku KDRT di Makassar Diduga Kes...
2025-05-21 08:28:31,650 - WARNING - Tidak menemukan elemen tanggal
2025-05-21 08:28:31,985 - INFO - Data tersimpan [73] > Video: Hilang Garang Suami Selebgram Lam...
2025-05-21 08:28:31,985 - WARNING - Tidak menemukan elemen tanggal
2025-05-21 08:28:32,904 - INFO - Data tersimpan [74] > Lakukan KDRT, Suami dari Selebgram Lampu...
2025-05-21 08:28:32,905 - WARNING - Tidak menemukan elemen tanggal
2025-05-21 08:28:33,477 - INFO - Data tersimpan [75] > Cut Intan Nabila Hobi Minum Teh hingga K...
2025-05-21 08:28:33,477 - WARNING - Tidak menemukan elemen tanggal
2025-05-21 08:28:33,822 - INFO - Data tersimpan [76] > Video: Kronologi Selebgram Lampung Korba...
2025-05-21 08:28:33,823 - WARNING - Tidak menemukan elemen tanggal
2025-05-21 08:28:34,132 - INFO - Data tersimpan [77] > Video Viral Selebgram Lampung Jadi Korba...
2025-05-21 08:28:34,132 - WARNING - Tidak menemukan elemen tanggal
2025-05-21 08:28:35,111 - INFO - Data tersimpan [78] > Suami KDRT dan Selingkuh dengan Selebgra...
2025-05-21 08:28:35,112 - WARNING - Tidak menemukan elemen tanggal
2025-05-21 08:28:35,954 - INFO - Data tersimpan [79] > Suami di Gresik yang KDRT Istri Juga Dil...
2025-05-21 08:28:36,955 - INFO - Scraping halaman 8
2025-05-21 08:28:37,475 - WARNING - Tidak menemukan elemen tanggal
2025-05-21 08:28:38,327 - INFO - Data tersimpan [80] > Kejari Bogor Kembali Teliti Berkas Perka...
2025-05-21 08:28:38,327 - WARNING - Tidak menemukan elemen tanggal
2025-05-21 08:28:39,236 - INFO - Data tersimpan [81] > Sidang Perdana Tersangka KDRT Armor Tore...
2025-05-21 08:28:39,236 - WARNING - Tidak menemukan elemen tanggal
2025-05-21 08:28:40,124 - INFO - Data tersimpan [82] > Anggota DPRD Babel Jadi Tersangka Dugaan...
2025-05-21 08:28:40,125 - WARNING - Tidak menemukan elemen tanggal
2025-05-21 08:28:40,390 - INFO - Artikel sudah ada: Video: Istri Eks Pengacara Inara Rusli B...
2025-05-21 08:28:40,391 - WARNING - Tidak menemukan elemen tanggal
2025-05-21 08:28:41,222 - INFO - Data tersimpan [83] > Suami di Gresik yang KDRT Istri dan Seli...
2025-05-21 08:28:41,223 - WARNING - Tidak menemukan elemen tanggal
2025-05-21 08:28:41,587 - INFO - Data tersimpan [84] > Video Kesedihan Cut Intan Nabila Lihat R...
2025-05-21 08:28:41,587 - WARNING - Tidak menemukan elemen tanggal
2025-05-21 08:28:42,599 - INFO - Data tersimpan [85] > Cut Intan Nabila Ungkap Cara Bahagia Usa...
2025-05-21 08:28:42,599 - WARNING - Tidak menemukan elemen tanggal
2025-05-21 08:28:43,235 - INFO - Data tersimpan [86] > Senyum Nikita Mirzani Ingatkan Perempuan...
2025-05-21 08:28:43,236 - WARNING - Tidak menemukan elemen tanggal
2025-05-21 08:28:44,150 - INFO - Data tersimpan [87] > Ibu Kimberly Ryder Blak-blakan Dugaan KD...
2025-05-21 08:28:44,152 - WARNING - Tidak menemukan elemen tanggal
2025-05-21 08:28:45,124 - INFO - Data tersimpan [88] > Pemicu KDRT di Gresik, Istri Temukan Vid...
2025-05-21 08:28:45,125 - WARNING - Tidak menemukan elemen tanggal
2025-05-21 08:28:45,795 - INFO - Data tersimpan [89] > KDRT dalam Pandangan Islam, Apa Hukumnya...
2025-05-21 08:28:45,795 - WARNING - Tidak menemukan elemen tanggal
2025-05-21 08:28:46,729 - INFO - Data tersimpan [90] > Gigit Tangan Suami, IRT di Palembang Jad...
2025-05-21 08:28:47,731 - INFO - Scraping halaman 9
2025-05-21 08:28:48,142 - WARNING - Tidak menemukan elemen tanggal
2025-05-21 08:28:49,160 - INFO - Data tersimpan [91] > Agus Pembunuh Istri di Bantul Dijerat UU...
2025-05-21 08:28:49,161 - WARNING - Tidak menemukan elemen tanggal
2025-05-21 08:28:50,041 - INFO - Data tersimpan [92] > Armor Toreador Dituntut 6 Tahun Penjara ...
2025-05-21 08:28:50,041 - WARNING - Tidak menemukan elemen tanggal
2025-05-21 08:28:51,175 - INFO - Data tersimpan [93] > Polisi Ungkap Istri Lindas Suami Usai Ke...
2025-05-21 08:28:51,176 - WARNING - Tidak menemukan elemen tanggal
2025-05-21 08:28:51,548 - INFO - Data tersimpan [94] > Video: Hukuman Armor di Kasus KDRT Cut I...
2025-05-21 08:28:51,548 - WARNING - Tidak menemukan elemen tanggal
2025-05-21 08:28:52,647 - INFO - Data tersimpan [95] > Kejinya Suami Cabut Selang Oksigen Istri...
2025-05-21 08:28:52,647 - WARNING - Tidak menemukan elemen tanggal
2025-05-21 08:28:53,269 - INFO - Data tersimpan [96] > Tutupi KDRT Selama 5 Tahun, Cut Intan Be...
2025-05-21 08:28:53,269 - WARNING - Tidak menemukan elemen tanggal
2025-05-21 08:28:53,623 - INFO - Data tersimpan [97] > Video: Penampakan Tersangka KDRT Armor T...
2025-05-21 08:28:53,623 - WARNING - Tidak menemukan elemen tanggal
2025-05-21 08:28:54,171 - INFO - Data tersimpan [98] > Gema KDRT hingga Rasis Warnai Hari Perem...
2025-05-21 08:28:54,172 - WARNING - Tidak menemukan elemen tanggal
2025-05-21 08:28:55,232 - INFO - Data tersimpan [99] > Berkas Kasus KDRT Anggota DPRD Babel Ima...
2025-05-21 08:28:55,233 - WARNING - Tidak menemukan elemen tanggal
2025-05-21 08:28:55,601 - INFO - Artikel sudah ada: Gigit Tangan Suami, IRT di Palembang Jad...
2025-05-21 08:28:55,602 - WARNING - Tidak menemukan elemen tanggal
2025-05-21 08:28:55,974 - INFO - Data tersimpan [100] > Video: Tampang Suami Selebgram Lampung y...
2025-05-21 08:28:55,975 - WARNING - Tidak menemukan elemen tanggal
2025-05-21 08:28:57,004 - INFO - Data tersimpan [101] > Chris Drummer The Hydrant Didakwa KDRT k...
2025-05-21 08:28:58,005 - INFO - Scraping halaman 10
2025-05-21 08:28:58,407 - WARNING - Tidak menemukan elemen tanggal
2025-05-21 08:28:59,304 - INFO - Data tersimpan [102] > Menantu yang Tusuk Mertua di Surabaya Di...
2025-05-21 08:28:59,305 - WARNING - Tidak menemukan elemen tanggal
2025-05-21 08:29:00,102 - INFO - Data tersimpan [103] > Hal Memberatkan Vonis Armor Toreador: KD...
2025-05-21 08:29:00,103 - WARNING - Tidak menemukan elemen tanggal
2025-05-21 08:29:00,831 - INFO - Data tersimpan [104] > Wanita Filipina Jadi Korban KDRT di Bali...
2025-05-21 08:29:00,832 - WARNING - Tidak menemukan elemen tanggal
2025-05-21 08:29:01,210 - INFO - Data tersimpan [105] > Video: Tampang Tersangka Pornografi Ichl...
2025-05-21 08:29:01,211 - WARNING - Tidak menemukan elemen tanggal
2025-05-21 08:29:02,306 - INFO - Data tersimpan [106] > Tangisan Cut Intan Saat Video Armor KDRT...
2025-05-21 08:29:02,307 - WARNING - Tidak menemukan elemen tanggal
2025-05-21 08:29:03,140 - INFO - Data tersimpan [107] > Cut Intan Nabila Siapkan Gugatan Cerai A...
2025-05-21 08:29:03,141 - WARNING - Tidak menemukan elemen tanggal
2025-05-21 08:29:04,039 - INFO - Data tersimpan [108] > Selebgram Lampung Anastasia Noor Alami K...
2025-05-21 08:29:04,039 - WARNING - Tidak menemukan elemen tanggal
2025-05-21 08:29:04,617 - INFO - Data tersimpan [109] > Begini Cara Caleg Muda Perempuan Termuda...
2025-05-21 08:29:04,618 - WARNING - Tidak menemukan elemen tanggal
2025-05-21 08:29:05,579 - INFO - Data tersimpan [110] > Polresta Mataram Tangani 115 Kasus Perem...
2025-05-21 08:29:05,581 - WARNING - Tidak menemukan elemen tanggal
2025-05-21 08:29:07,526 - INFO - Data tersimpan [111] > Pendeta Pelaku KDRT ke Istri di Surabaya...
2025-05-21 08:29:07,526 - WARNING - Tidak menemukan elemen tanggal
2025-05-21 08:29:08,406 - INFO - Data tersimpan [112] > Polrestabes Surabaya Tangkap Pendeta Ter...
2025-05-21 08:29:08,406 - WARNING - Tidak menemukan elemen tanggal
2025-05-21 08:29:09,820 - INFO - Data tersimpan [113] > Cut Intan Nabila Emosional Diperlihatkan...
2025-05-21 08:29:10,822 - INFO - Job scraping selesai!
2025-05-21 08:29:31,715 - INFO - Program dihentikan oleh pengguna. Selesai.
